2026-07-22T11:53:44.294+05:30  INFO 26781 --- [project-service] [main] c.k.p.ProjectServiceApplication          : Starting ProjectServiceApplication using Java 25.0.2 with PID 26781 (/home/kavinda/Documents/code/java/PulseTrack/project-service/target/classes started by kavinda in /home/kavinda/Documents/code/java/PulseTrack)
2026-07-22T11:53:44.296+05:30 DEBUG 26781 --- [project-service] [main] c.k.p.ProjectServiceApplication          : Running with Spring Boot v4.1.0, Spring v7.0.8
2026-07-22T11:53:44.297+05:30  INFO 26781 --- [project-service] [main] c.k.p.ProjectServiceApplication          : The following 1 profile is active: "local"
2026-07-22T11:53:44.714+05:30  INFO 26781 --- [project-service] [main] .s.d.r.c.RepositoryConfigurationDelegate : Multiple Spring Data modules found, entering strict repository configuration mode
2026-07-22T11:53:44.714+05:30  INFO 26781 --- [project-service] [main] .s.d.r.c.RepositoryConfigurationDelegate : Bootstrapping Spring Data JPA repositories in DEFAULT mode.
2026-07-22T11:53:44.724+05:30  INFO 26781 --- [project-service] [main] .s.d.r.c.RepositoryConfigurationDelegate : Finished Spring Data repository scanning in 5 ms. Found 0 JPA repository interfaces.
2026-07-22T11:53:44.744+05:30  INFO 26781 --- [project-service] [main] .s.d.r.c.RepositoryConfigurationDelegate : Multiple Spring Data modules found, entering strict repository configuration mode
2026-07-22T11:53:44.745+05:30  INFO 26781 --- [project-service] [main] .s.d.r.c.RepositoryConfigurationDelegate : Bootstrapping Spring Data Redis repositories in DEFAULT mode.
2026-07-22T11:53:44.749+05:30  INFO 26781 --- [project-service] [main] .s.d.r.c.RepositoryConfigurationDelegate : Finished Spring Data repository scanning in 0 ms. Found 0 Redis repository interfaces.
2026-07-22T11:53:45.051+05:30  INFO 26781 --- [project-service] [main] o.s.boot.tomcat.TomcatWebServer          : Tomcat initialized with port 8002 (http)
2026-07-22T11:53:45.059+05:30  INFO 26781 --- [project-service] [main] o.apache.catalina.core.StandardService   : Starting service [Tomcat]
2026-07-22T11:53:45.059+05:30  INFO 26781 --- [project-service] [main] o.apache.catalina.core.StandardEngine    : Starting Servlet engine: [Apache Tomcat/11.0.22]
2026-07-22T11:53:45.090+05:30  INFO 26781 --- [project-service] [main] b.w.c.s.WebApplicationContextInitializer : Root WebApplicationContext: initialization completed in 767 ms
2026-07-22T11:53:45.227+05:30  INFO 26781 --- [project-service] [main] org.hibernate.orm.jpa                    : HHH008540: Processing PersistenceUnitInfo [name: default]
2026-07-22T11:53:45.247+05:30  INFO 26781 --- [project-service] [main] org.hibernate.orm.core                   : HHH000001: Hibernate ORM core version 7.4.1.Final
2026-07-22T11:53:45.418+05:30  INFO 26781 --- [project-service] [main] o.s.o.j.p.SpringPersistenceUnitInfo      : No LoadTimeWeaver setup: ignoring JPA class transformer
2026-07-22T11:53:45.432+05:30  INFO 26781 --- [project-service] [main] com.zaxxer.hikari.HikariDataSource       : HikariPool-1 - Starting...
2026-07-22T11:53:45.511+05:30  INFO 26781 --- [project-service] [main] com.zaxxer.hikari.pool.HikariPool        : HikariPool-1 - Added connection org.postgresql.jdbc.PgConnection@6604f246
2026-07-22T11:53:45.512+05:30  INFO 26781 --- [project-service] [main] com.zaxxer.hikari.HikariDataSource       : HikariPool-1 - Start completed.
2026-07-22T11:53:45.543+05:30  INFO 26781 --- [project-service] [main] org.hibernate.orm.connections.pooling    : HHH10001005: Database info:
	Database JDBC URL [jdbc:postgresql://localhost:5434/project_service_db]
	Database driver: PostgreSQL JDBC Driver
	Database dialect: PostgreSQLDialect
	Database version: 17.10
	Default catalog/schema: project_service_db/public
	Autocommit mode: undefined/unknown
	Isolation level: READ_COMMITTED [default READ_COMMITTED]
	JDBC fetch size: none
	Pool: DataSourceConnectionProvider
	Minimum pool size: undefined/unknown
	Maximum pool size: undefined/unknown
2026-07-22T11:53:45.731+05:30  INFO 26781 --- [project-service] [main] org.hibernate.orm.core                   : HHH000489: No JTA platform available (set 'hibernate.transaction.jta.platform' to enable JTA platform integration)
2026-07-22T11:53:45.767+05:30  INFO 26781 --- [project-service] [main] j.LocalContainerEntityManagerFactoryBean : Initialized JPA EntityManagerFactory for persistence unit 'default'
2026-07-22T11:53:46.246+05:30  INFO 26781 --- [project-service] [main] o.s.b.a.e.web.EndpointLinksResolver      : Exposing 1 endpoint beneath base path '/actuator'
2026-07-22T11:53:46.287+05:30  INFO 26781 --- [project-service] [main] o.s.boot.tomcat.TomcatWebServer          : Tomcat started on port 8002 (http) with context path '/'
2026-07-22T11:53:46.292+05:30  INFO 26781 --- [project-service] [main] c.k.p.ProjectServiceApplication          : Started ProjectServiceApplication in 2.29 seconds (process running for 2.496)
2026-07-22T11:53:49.415+05:30  INFO 26781 --- [project-service] [SpringApplicationShutdownHook] o.s.boot.tomcat.GracefulShutdown         : Commencing graceful shutdown. Waiting for active requests to complete
2026-07-22T11:53:49.417+05:30  INFO 26781 --- [project-service] [tomcat-shutdown] o.s.boot.tomcat.GracefulShutdown         : Graceful shutdown complete
2026-07-22T11:53:49.427+05:30  INFO 26781 --- [project-service] [SpringApplicationShutdownHook] j.LocalContainerEntityManagerFactoryBean : Closing JPA EntityManagerFactory for persistence unit 'default'
2026-07-22T11:53:49.428+05:30  INFO 26781 --- [project-service] [SpringApplicationShutdownHook] com.zaxxer.hikari.HikariDataSource       : HikariPool-1 - Shutdown initiated...
2026-07-22T11:53:49.430+05:30  INFO 26781 --- [project-service] [SpringApplicationShutdownHook] com.zaxxer.hikari.HikariDataSource       : HikariPool-1 - Shutdown completed.
